# JRE version: OpenJDK Runtime Environment (8.0_242-b01) (build 1.8.0_242-release-1644-b01)
# Java VM: OpenJDK 64-Bit Server VM (25.242-b01 mixed mode windows-amd64 compressed oops)
Heap:
 PSYoungGen      total 168960K, used 48539K [0x00000000e0000000, 0x00000000eed80000, 0x0000000100000000)
  eden space 155648K, 22% used [0x00000000e0000000,0x00000000e226a758,0x00000000e9800000)
  from space 13312K, 99% used [0x00000000e9800000,0x00000000ea4fc4f8,0x00000000ea500000)
  to   space 18944K, 0% used [0x00000000edb00000,0x00000000edb00000,0x00000000eed80000)
 ParOldGen       total 74752K, used 28514K [0x00000000a0000000, 0x00000000a4900000, 0x00000000e0000000)
  object space 74752K, 38% used [0x00000000a0000000,0x00000000a1bd89f0,0x00000000a4900000)
 Metaspace       used 53728K, capacity 55786K, committed 55848K, reserved 1097728K
  class space    used 7181K, capacity 7670K, committed 7728K, reserved 1048576K
GC Heap History (10 events):
Event: 5.142 GC heap before
{Heap before GC invocations=9 (full 1):
 PSYoungGen      total 72704K, used 61952K [0x00000000e0000000, 0x00000000e8d00000, 0x0000000100000000)
  eden space 61952K, 100% used [0x00000000e0000000,0x00000000e3c80000,0x00000000e3c80000)
  from space 10752K, 0% used [0x00000000e3c80000,0x00000000e3c80000,0x00000000e4700000)
  to   space 10240K, 0% used [0x00000000e8300000,0x00000000e8300000,0x00000000e8d00000)
 ParOldGen       total 49152K, used 7170K [0x00000000a0000000, 0x00000000a3000000, 0x00000000e0000000)
  object space 49152K, 14% used [0x00000000a0000000,0x00000000a0700aa8,0x00000000a3000000)
 Metaspace       used 28446K, capacity 29310K, committed 29616K, reserved 1075200K
  class space    used 3934K, capacity 4187K, committed 4272K, reserved 1048576K
Event: 5.149 GC heap after
Heap after GC invocations=9 (full 1):
 PSYoungGen      total 117248K, used 7965K [0x00000000e0000000, 0x00000000e8b00000, 0x0000000100000000)
  eden space 109056K, 0% used [0x00000000e0000000,0x00000000e0000000,0x00000000e6a80000)
  from space 8192K, 97% used [0x00000000e8300000,0x00000000e8ac7648,0x00000000e8b00000)
  to   space 10752K, 0% used [0x00000000e7600000,0x00000000e7600000,0x00000000e8080000)
 ParOldGen       total 49152K, used 7178K [0x00000000a0000000, 0x00000000a3000000, 0x00000000e0000000)
  object space 49152K, 14% used [0x00000000a0000000,0x00000000a0702aa8,0x00000000a3000000)
 Metaspace       used 28446K, capacity 29310K, committed 29616K, reserved 1075200K
  class space    used 3934K, capacity 4187K, committed 4272K, reserved 1048576K
}
Event: 6.906 GC heap before
{Heap before GC invocations=10 (full 1):
 PSYoungGen      total 117248K, used 109115K [0x00000000e0000000, 0x00000000e8b00000, 0x0000000100000000)
  eden space 109056K, 92% used [0x00000000e0000000,0x00000000e62c7670,0x00000000e6a80000)
  from space 8192K, 97% used [0x00000000e8300000,0x00000000e8ac7648,0x00000000e8b00000)
  to   space 10752K, 0% used [0x00000000e7600000,0x00000000e7600000,0x00000000e8080000)
 ParOldGen       total 49152K, used 7178K [0x00000000a0000000, 0x00000000a3000000, 0x00000000e0000000)
  object space 49152K, 14% used [0x00000000a0000000,0x00000000a0702aa8,0x00000000a3000000)
 Metaspace       used 34286K, capacity 35446K, committed 35496K, reserved 1079296K
  class space    used 4716K, capacity 5034K, committed 5040K, reserved 1048576K
Event: 6.925 GC heap after
Heap after GC invocations=10 (full 1):
 PSYoungGen      total 131584K, used 10731K [0x00000000e0000000, 0x00000000eb100000, 0x0000000100000000)
  eden space 120832K, 0% used [0x00000000e0000000,0x00000000e0000000,0x00000000e7600000)
  from space 10752K, 99% used [0x00000000e7600000,0x00000000e807ac60,0x00000000e8080000)
  to   space 12288K, 0% used [0x00000000ea500000,0x00000000ea500000,0x00000000eb100000)
 ParOldGen       total 49152K, used 8052K [0x00000000a0000000, 0x00000000a3000000, 0x00000000e0000000)
  object space 49152K, 16% used [0x00000000a0000000,0x00000000a07dd2c8,0x00000000a3000000)
 Metaspace       used 34286K, capacity 35446K, committed 35496K, reserved 1079296K
  class space    used 4716K, capacity 5034K, committed 5040K, reserved 1048576K
}
Event: 6.925 GC heap before
{Heap before GC invocations=11 (full 2):
 PSYoungGen      total 131584K, used 10731K [0x00000000e0000000, 0x00000000eb100000, 0x0000000100000000)
  eden space 120832K, 0% used [0x00000000e0000000,0x00000000e0000000,0x00000000e7600000)
  from space 10752K, 99% used [0x00000000e7600000,0x00000000e807ac60,0x00000000e8080000)
  to   space 12288K, 0% used [0x00000000ea500000,0x00000000ea500000,0x00000000eb100000)
 ParOldGen       total 49152K, used 8052K [0x00000000a0000000, 0x00000000a3000000, 0x00000000e0000000)
  object space 49152K, 16% used [0x00000000a0000000,0x00000000a07dd2c8,0x00000000a3000000)
 Metaspace       used 34286K, capacity 35446K, committed 35496K, reserved 1079296K
  class space    used 4716K, capacity 5034K, committed 5040K, reserved 1048576K
Event: 6.982 GC heap after
Heap after GC invocations=11 (full 2):
 PSYoungGen      total 131584K, used 0K [0x00000000e0000000, 0x00000000eb100000, 0x0000000100000000)
  eden space 120832K, 0% used [0x00000000e0000000,0x00000000e0000000,0x00000000e7600000)
  from space 10752K, 0% used [0x00000000e7600000,0x00000000e7600000,0x00000000e8080000)
  to   space 12288K, 0% used [0x00000000ea500000,0x00000000ea500000,0x00000000eb100000)
 ParOldGen       total 74752K, used 17804K [0x00000000a0000000, 0x00000000a4900000, 0x00000000e0000000)
  object space 74752K, 23% used [0x00000000a0000000,0x00000000a11632c8,0x00000000a4900000)
 Metaspace       used 34286K, capacity 35446K, committed 35496K, reserved 1079296K
  class space    used 4716K, capacity 5034K, committed 5040K, reserved 1048576K
}
Event: 8.403 GC heap before
{Heap before GC invocations=12 (full 2):
 PSYoungGen      total 131584K, used 120832K [0x00000000e0000000, 0x00000000eb100000, 0x0000000100000000)
  eden space 120832K, 100% used [0x00000000e0000000,0x00000000e7600000,0x00000000e7600000)
  from space 10752K, 0% used [0x00000000e7600000,0x00000000e7600000,0x00000000e8080000)
  to   space 12288K, 0% used [0x00000000ea500000,0x00000000ea500000,0x00000000eb100000)
 ParOldGen       total 74752K, used 17804K [0x00000000a0000000, 0x00000000a4900000, 0x00000000e0000000)
  object space 74752K, 23% used [0x00000000a0000000,0x00000000a11632c8,0x00000000a4900000)
 Metaspace       used 39355K, capacity 41126K, committed 41384K, reserved 1085440K
  class space    used 5419K, capacity 5798K, committed 5808K, reserved 1048576K
Event: 8.414 GC heap after
Heap after GC invocations=12 (full 2):
 PSYoungGen      total 167936K, used 9891K [0x00000000e0000000, 0x00000000eb800000, 0x0000000100000000)
  eden space 155648K, 0% used [0x00000000e0000000,0x00000000e0000000,0x00000000e9800000)
  from space 12288K, 80% used [0x00000000ea500000,0x00000000eaea8dd0,0x00000000eb100000)
  to   space 13312K, 0% used [0x00000000e9800000,0x00000000e9800000,0x00000000ea500000)
 ParOldGen       total 74752K, used 17812K [0x00000000a0000000, 0x00000000a4900000, 0x00000000e0000000)
  object space 74752K, 23% used [0x00000000a0000000,0x00000000a11652c8,0x00000000a4900000)
 Metaspace       used 39355K, capacity 41126K, committed 41384K, reserved 1085440K
  class space    used 5419K, capacity 5798K, committed 5808K, reserved 1048576K
}
Event: 10.830 GC heap before
{Heap before GC invocations=13 (full 2):
 PSYoungGen      total 167936K, used 165539K [0x00000000e0000000, 0x00000000eb800000, 0x0000000100000000)
  eden space 155648K, 100% used [0x00000000e0000000,0x00000000e9800000,0x00000000e9800000)
  from space 12288K, 80% used [0x00000000ea500000,0x00000000eaea8dd0,0x00000000eb100000)
  to   space 13312K, 0% used [0x00000000e9800000,0x00000000e9800000,0x00000000ea500000)
 ParOldGen       total 74752K, used 17812K [0x00000000a0000000, 0x00000000a4900000, 0x00000000e0000000)
  object space 74752K, 23% used [0x00000000a0000000,0x00000000a11652c8,0x00000000a4900000)
 Metaspace       used 51857K, capacity 53914K, committed 54056K, reserved 1095680K
  class space    used 6928K, capacity 7403K, committed 7472K, reserved 1048576K
Event: 10.851 GC heap after
Heap after GC invocations=13 (full 2):
 PSYoungGen      total 168960K, used 13297K [0x00000000e0000000, 0x00000000eed80000, 0x0000000100000000)
  eden space 155648K, 0% used [0x00000000e0000000,0x00000000e0000000,0x00000000e9800000)
  from space 13312K, 99% used [0x00000000e9800000,0x00000000ea4fc4f8,0x00000000ea500000)
  to   space 18944K, 0% used [0x00000000edb00000,0x00000000edb00000,0x00000000eed80000)
 ParOldGen       total 74752K, used 28514K [0x00000000a0000000, 0x00000000a4900000, 0x00000000e0000000)
  object space 74752K, 38% used [0x00000000a0000000,0x00000000a1bd89f0,0x00000000a4900000)
 Metaspace       used 51857K, capacity 53914K, committed 54056K, reserved 1095680K
  class space    used 6928K, capacity 7403K, committed 7472K, reserved 1048576K
}

