# JRE version: OpenJDK Runtime Environment (8.0_242-b01) (build 1.8.0_242-release-1644-b01)
# Java VM: OpenJDK 64-Bit Server VM (25.242-b01 mixed mode windows-amd64 compressed oops)
Heap:
 PSYoungGen      total 182784K, used 83126K [0x00000000e0000000, 0x00000000ed300000, 0x0000000100000000)
  eden space 164864K, 50% used [0x00000000e0000000,0x00000000e512d920,0x00000000ea100000)
  from space 17920K, 0% used [0x00000000eb780000,0x00000000eb780000,0x00000000ec900000)
  to   space 23040K, 0% used [0x00000000ea100000,0x00000000ea100000,0x00000000eb780000)
 ParOldGen       total 135168K, used 37216K [0x00000000a0000000, 0x00000000a8400000, 0x00000000e0000000)
  object space 135168K, 27% used [0x00000000a0000000,0x00000000a24583a8,0x00000000a8400000)
 Metaspace       used 60108K, capacity 62568K, committed 62744K, reserved 1103872K
  class space    used 8293K, capacity 8882K, committed 9008K, reserved 1048576K
GC Heap History (10 events):
Event: 5.029 GC heap before
{Heap before GC invocations=11 (full 2):
 PSYoungGen      total 131584K, used 10721K [0x00000000e0000000, 0x00000000e9f80000, 0x0000000100000000)
  eden space 120832K, 0% used [0x00000000e0000000,0x00000000e0000000,0x00000000e7600000)
  from space 10752K, 99% used [0x00000000e7600000,0x00000000e80786c0,0x00000000e8080000)
  to   space 12288K, 0% used [0x00000000e9380000,0x00000000e9380000,0x00000000e9f80000)
 ParOldGen       total 52736K, used 8003K [0x00000000a0000000, 0x00000000a3380000, 0x00000000e0000000)
  object space 52736K, 15% used [0x00000000a0000000,0x00000000a07d0f80,0x00000000a3380000)
 Metaspace       used 34287K, capacity 35442K, committed 35496K, reserved 1079296K
  class space    used 4715K, capacity 5034K, committed 5040K, reserved 1048576K
Event: 5.098 GC heap after
Heap after GC invocations=11 (full 2):
 PSYoungGen      total 131584K, used 0K [0x00000000e0000000, 0x00000000e9f80000, 0x0000000100000000)
  eden space 120832K, 0% used [0x00000000e0000000,0x00000000e0000000,0x00000000e7600000)
  from space 10752K, 0% used [0x00000000e7600000,0x00000000e7600000,0x00000000e8080000)
  to   space 12288K, 0% used [0x00000000e9380000,0x00000000e9380000,0x00000000e9f80000)
 ParOldGen       total 86528K, used 17826K [0x00000000a0000000, 0x00000000a5480000, 0x00000000e0000000)
  object space 86528K, 20% used [0x00000000a0000000,0x00000000a11689e0,0x00000000a5480000)
 Metaspace       used 34287K, capacity 35442K, committed 35496K, reserved 1079296K
  class space    used 4715K, capacity 5034K, committed 5040K, reserved 1048576K
}
Event: 6.375 GC heap before
{Heap before GC invocations=12 (full 2):
 PSYoungGen      total 131584K, used 120832K [0x00000000e0000000, 0x00000000e9f80000, 0x0000000100000000)
  eden space 120832K, 100% used [0x00000000e0000000,0x00000000e7600000,0x00000000e7600000)
  from space 10752K, 0% used [0x00000000e7600000,0x00000000e7600000,0x00000000e8080000)
  to   space 12288K, 0% used [0x00000000e9380000,0x00000000e9380000,0x00000000e9f80000)
 ParOldGen       total 86528K, used 17826K [0x00000000a0000000, 0x00000000a5480000, 0x00000000e0000000)
  object space 86528K, 20% used [0x00000000a0000000,0x00000000a11689e0,0x00000000a5480000)
 Metaspace       used 39487K, capacity 41214K, committed 41384K, reserved 1085440K
  class space    used 5429K, capacity 5774K, committed 5808K, reserved 1048576K
Event: 6.387 GC heap after
Heap after GC invocations=12 (full 2):
 PSYoungGen      total 150016K, used 10057K [0x00000000e0000000, 0x00000000ead80000, 0x0000000100000000)
  eden space 137728K, 0% used [0x00000000e0000000,0x00000000e0000000,0x00000000e8680000)
  from space 12288K, 81% used [0x00000000e9380000,0x00000000e9d52748,0x00000000e9f80000)
  to   space 13312K, 0% used [0x00000000e8680000,0x00000000e8680000,0x00000000e9380000)
 ParOldGen       total 86528K, used 17834K [0x00000000a0000000, 0x00000000a5480000, 0x00000000e0000000)
  object space 86528K, 20% used [0x00000000a0000000,0x00000000a116a9e0,0x00000000a5480000)
 Metaspace       used 39487K, capacity 41214K, committed 41384K, reserved 1085440K
  class space    used 5429K, capacity 5774K, committed 5808K, reserved 1048576K
}
Event: 8.652 GC heap before
{Heap before GC invocations=13 (full 2):
 PSYoungGen      total 150016K, used 147785K [0x00000000e0000000, 0x00000000ead80000, 0x0000000100000000)
  eden space 137728K, 100% used [0x00000000e0000000,0x00000000e8680000,0x00000000e8680000)
  from space 12288K, 81% used [0x00000000e9380000,0x00000000e9d52748,0x00000000e9f80000)
  to   space 13312K, 0% used [0x00000000e8680000,0x00000000e8680000,0x00000000e9380000)
 ParOldGen       total 86528K, used 17834K [0x00000000a0000000, 0x00000000a5480000, 0x00000000e0000000)
  object space 86528K, 20% used [0x00000000a0000000,0x00000000a116a9e0,0x00000000a5480000)
 Metaspace       used 51673K, capacity 53680K, committed 53928K, reserved 1095680K
  class space    used 6879K, capacity 7334K, committed 7344K, reserved 1048576K
Event: 8.680 GC heap after
Heap after GC invocations=13 (full 2):
 PSYoungGen      total 151040K, used 13308K [0x00000000e0000000, 0x00000000ec900000, 0x0000000100000000)
  eden space 137728K, 0% used [0x00000000e0000000,0x00000000e0000000,0x00000000e8680000)
  from space 13312K, 99% used [0x00000000e8680000,0x00000000e937f320,0x00000000e9380000)
  to   space 17920K, 0% used [0x00000000eb780000,0x00000000eb780000,0x00000000ec900000)
 ParOldGen       total 86528K, used 26526K [0x00000000a0000000, 0x00000000a5480000, 0x00000000e0000000)
  object space 86528K, 30% used [0x00000000a0000000,0x00000000a19e7898,0x00000000a5480000)
 Metaspace       used 51673K, capacity 53680K, committed 53928K, reserved 1095680K
  class space    used 6879K, capacity 7334K, committed 7344K, reserved 1048576K
}
Event: 10.267 GC heap before
{Heap before GC invocations=14 (full 2):
 PSYoungGen      total 151040K, used 110761K [0x00000000e0000000, 0x00000000ec900000, 0x0000000100000000)
  eden space 137728K, 70% used [0x00000000e0000000,0x00000000e5f2b348,0x00000000e8680000)
  from space 13312K, 99% used [0x00000000e8680000,0x00000000e937f320,0x00000000e9380000)
  to   space 17920K, 0% used [0x00000000eb780000,0x00000000eb780000,0x00000000ec900000)
 ParOldGen       total 86528K, used 26526K [0x00000000a0000000, 0x00000000a5480000, 0x00000000e0000000)
  object space 86528K, 30% used [0x00000000a0000000,0x00000000a19e7898,0x00000000a5480000)
 Metaspace       used 56801K, capacity 59052K, committed 59160K, reserved 1099776K
  class space    used 7715K, capacity 8191K, committed 8240K, reserved 1048576K
Event: 10.293 GC heap after
Heap after GC invocations=14 (full 2):
 PSYoungGen      total 182784K, used 17890K [0x00000000e0000000, 0x00000000ed300000, 0x0000000100000000)
  eden space 164864K, 0% used [0x00000000e0000000,0x00000000e0000000,0x00000000ea100000)
  from space 17920K, 99% used [0x00000000eb780000,0x00000000ec8f89b8,0x00000000ec900000)
  to   space 23040K, 0% used [0x00000000ea100000,0x00000000ea100000,0x00000000eb780000)
 ParOldGen       total 86528K, used 32483K [0x00000000a0000000, 0x00000000a5480000, 0x00000000e0000000)
  object space 86528K, 37% used [0x00000000a0000000,0x00000000a1fb8f00,0x00000000a5480000)
 Metaspace       used 56801K, capacity 59052K, committed 59160K, reserved 1099776K
  class space    used 7715K, capacity 8191K, committed 8240K, reserved 1048576K
}
Event: 10.293 GC heap before
{Heap before GC invocations=15 (full 3):
 PSYoungGen      total 182784K, used 17890K [0x00000000e0000000, 0x00000000ed300000, 0x0000000100000000)
  eden space 164864K, 0% used [0x00000000e0000000,0x00000000e0000000,0x00000000ea100000)
  from space 17920K, 99% used [0x00000000eb780000,0x00000000ec8f89b8,0x00000000ec900000)
  to   space 23040K, 0% used [0x00000000ea100000,0x00000000ea100000,0x00000000eb780000)
 ParOldGen       total 86528K, used 32483K [0x00000000a0000000, 0x00000000a5480000, 0x00000000e0000000)
  object space 86528K, 37% used [0x00000000a0000000,0x00000000a1fb8f00,0x00000000a5480000)
 Metaspace       used 56801K, capacity 59052K, committed 59160K, reserved 1099776K
  class space    used 7715K, capacity 8191K, committed 8240K, reserved 1048576K
Event: 10.466 GC heap after
Heap after GC invocations=15 (full 3):
 PSYoungGen      total 182784K, used 0K [0x00000000e0000000, 0x00000000ed300000, 0x0000000100000000)
  eden space 164864K, 0% used [0x00000000e0000000,0x00000000e0000000,0x00000000ea100000)
  from space 17920K, 0% used [0x00000000eb780000,0x00000000eb780000,0x00000000ec900000)
  to   space 23040K, 0% used [0x00000000ea100000,0x00000000ea100000,0x00000000eb780000)
 ParOldGen       total 135168K, used 37216K [0x00000000a0000000, 0x00000000a8400000, 0x00000000e0000000)
  object space 135168K, 27% used [0x00000000a0000000,0x00000000a24583a8,0x00000000a8400000)
 Metaspace       used 56780K, capacity 58980K, committed 59160K, reserved 1099776K
  class space    used 7708K, capacity 8179K, committed 8240K, reserved 1048576K
}

